[1/47] Processing: ai-identity-privacy
[2/47] Processing: ai-self-evolution-workflow
[3/47] Processing: ai-self-upgrade-pipeline
[4/47] Processing: ai-skill-auditor
[5/47] Processing: audit-code
[TEST] Running tests...
[6/47] Processing: code-security-audit
[7/47] Processing: cron
[8/47] Processing: data
[9/47] Processing: echomind-memory
[10/47] Processing: github-sync-skill
[TEST] Running tests...
[COMMIT] Committing changes...
[11/47] Processing: gpt-image-2-api
[12/47] Processing: gpt-image-2
[13/47] Processing: HEARTCORE
[14/47] Processing: heartflow-audit-workflow
[15/47] Processing: heartflow-auto-upgrade-cron
[TEST] Running tests...
[16/47] Processing: heartflow-batch-upgrade
[17/47] Processing: heartflow-core-optimizer
[18/47] Processing: heartflow-cron-pipeline-management
[19/47] Processing: heartflow-directory-reorg
[20/47] Processing: heartflow-directory-structure
[TEST] Running tests...
[COMMIT] Committing changes...
[21/47] Processing: heartflow-historical-integration
[22/47] Processing: heartflow-knowledge-base
[23/47] Processing: heartflow-memory-permanence
[24/47] Processing: heartflow-memory-system-fixes
[25/47] Processing: heartflow-multi-signal-debug
[TEST] Running tests...
[26/47] Processing: heartflow-paper-upgrade
[27/47] Processing: heartflow-review-upgrade
[28/47] Processing: heartflow-skill-review-upgrade-publish
[29/47] Processing: heartflow-startup-diagnosis
[30/47] Processing: heartflow-system-installation
[TEST] Running tests...
[COMMIT] Committing changes...
Max iterations reached. Done.
